<?xml version="1.0" encoding="UTF-8"?>
<!-- Generated by org.testng.reporters.JUnitXMLReporter -->
<testsuite hostname="DESKTOP-A3I7VVI" ignored="0" name="Command line test" tests="5" failures="0" timestamp="2020-05-08T17:12:57 IST" time="0.591" errors="0">
  <testcase name="@BeforeMethod first" time="0.418" classname="com.atcost.Testcase.Question1Test">
    <failure type="java.lang.IllegalStateException" message="The path to the driver executable must be set by the webdriver.chrome.driver system property; for more information, see https://github.com/SeleniumHQ/selenium/wiki/ChromeDriver. The latest version can be downloaded from http://chromedriver.storage.googleapis.com/index.html">
      <![CDATA[java.lang.IllegalStateException: The path to the driver executable must be set by the webdriver.chrome.driver system property; for more information, see https://github.com/SeleniumHQ/selenium/wiki/ChromeDriver. The latest version can be downloaded from http://chromedriver.storage.googleapis.com/index.html
at com.google.common.base.Preconditions.checkState(Preconditions.java:847)
at org.openqa.selenium.remote.service.DriverService.findExecutable(DriverService.java:134)
at org.openqa.selenium.chrome.ChromeDriverService.access$000(ChromeDriverService.java:35)
at org.openqa.selenium.chrome.ChromeDriverService$Builder.findDefaultExecutable(ChromeDriverService.java:159)
at org.openqa.selenium.remote.service.DriverService$Builder.build(DriverService.java:355)
at org.openqa.selenium.chrome.ChromeDriverService.createDefaultService(ChromeDriverService.java:94)
at org.openqa.selenium.chrome.ChromeDriver.<init>(ChromeDriver.java:123)
at com.atcost.Base.BaseTest.inbokebrowser(BaseTest.java:38)
at com.atcost.Testcase.Question1Test.first(Question1Test.java:19)
at java.util.ArrayList.forEach(ArrayList.java:1255)
... Removed 41 stack frames]]>
    </failure>
  </testcase> <!-- @BeforeMethod first -->
  <testcase name="@AfterMethod close" time="-1.588938176265E9" classname="com.atcost.Testcase.Question1Test">
    <skipped/>
  </testcase> <!-- @AfterMethod close -->
  <testcase name="@BeforeMethod first" time="0.011" classname="com.atcost.Testcase.Question2Test">
    <failure type="java.lang.IllegalStateException" message="The path to the driver executable must be set by the webdriver.chrome.driver system property; for more information, see https://github.com/SeleniumHQ/selenium/wiki/ChromeDriver. The latest version can be downloaded from http://chromedriver.storage.googleapis.com/index.html">
      <![CDATA[java.lang.IllegalStateException: The path to the driver executable must be set by the webdriver.chrome.driver system property; for more information, see https://github.com/SeleniumHQ/selenium/wiki/ChromeDriver. The latest version can be downloaded from http://chromedriver.storage.googleapis.com/index.html
at com.google.common.base.Preconditions.checkState(Preconditions.java:847)
at org.openqa.selenium.remote.service.DriverService.findExecutable(DriverService.java:134)
at org.openqa.selenium.chrome.ChromeDriverService.access$000(ChromeDriverService.java:35)
at org.openqa.selenium.chrome.ChromeDriverService$Builder.findDefaultExecutable(ChromeDriverService.java:159)
at org.openqa.selenium.remote.service.DriverService$Builder.build(DriverService.java:355)
at org.openqa.selenium.chrome.ChromeDriverService.createDefaultService(ChromeDriverService.java:94)
at org.openqa.selenium.chrome.ChromeDriver.<init>(ChromeDriver.java:123)
at com.atcost.Base.BaseTest.inbokebrowser(BaseTest.java:38)
at com.atcost.Testcase.Question2Test.first(Question2Test.java:19)
at java.util.ArrayList.forEach(ArrayList.java:1255)
... Removed 41 stack frames]]>
    </failure>
  </testcase> <!-- @BeforeMethod first -->
  <testcase name="@AfterMethod close" time="-1.588938176291E9" classname="com.atcost.Testcase.Question2Test">
    <skipped/>
  </testcase> <!-- @AfterMethod close -->
  <testcase name="@BeforeMethod first" time="0.011" classname="com.atcost.Testcase.QuestionTest">
    <failure type="java.lang.IllegalStateException" message="The path to the driver executable must be set by the webdriver.chrome.driver system property; for more information, see https://github.com/SeleniumHQ/selenium/wiki/ChromeDriver. The latest version can be downloaded from http://chromedriver.storage.googleapis.com/index.html">
      <![CDATA[java.lang.IllegalStateException: The path to the driver executable must be set by the webdriver.chrome.driver system property; for more information, see https://github.com/SeleniumHQ/selenium/wiki/ChromeDriver. The latest version can be downloaded from http://chromedriver.storage.googleapis.com/index.html
at com.google.common.base.Preconditions.checkState(Preconditions.java:847)
at org.openqa.selenium.remote.service.DriverService.findExecutable(DriverService.java:134)
at org.openqa.selenium.chrome.ChromeDriverService.access$000(ChromeDriverService.java:35)
at org.openqa.selenium.chrome.ChromeDriverService$Builder.findDefaultExecutable(ChromeDriverService.java:159)
at org.openqa.selenium.remote.service.DriverService$Builder.build(DriverService.java:355)
at org.openqa.selenium.chrome.ChromeDriverService.createDefaultService(ChromeDriverService.java:94)
at org.openqa.selenium.chrome.ChromeDriver.<init>(ChromeDriver.java:123)
at com.atcost.Base.BaseTest.inbokebrowser(BaseTest.java:38)
at com.atcost.Testcase.QuestionTest.first(QuestionTest.java:27)
at java.util.ArrayList.forEach(ArrayList.java:1255)
... Removed 41 stack frames]]>
    </failure>
  </testcase> <!-- @BeforeMethod first -->
  <testcase name="@AfterMethod close" time="-1.588938176307E9" classname="com.atcost.Testcase.QuestionTest">
    <skipped/>
  </testcase> <!-- @AfterMethod close -->
  <testcase name="@BeforeMethod first" time="-1.588938176309E9" classname="com.atcost.Testcase.QuestionTest">
    <skipped/>
  </testcase> <!-- @BeforeMethod first -->
  <testcase name="@AfterMethod close" time="-1.588938176311E9" classname="com.atcost.Testcase.QuestionTest">
    <skipped/>
  </testcase> <!-- @AfterMethod close -->
  <testcase name="@BeforeMethod first" time="-1.588938176312E9" classname="com.atcost.Testcase.QuestionTest">
    <skipped/>
  </testcase> <!-- @BeforeMethod first -->
  <testcase name="@AfterMethod close" time="-1.588938176313E9" classname="com.atcost.Testcase.QuestionTest">
    <skipped/>
  </testcase> <!-- @AfterMethod close -->
  <testcase name="verifySigninlink" time="0.0" classname="com.atcost.Testcase.Question1Test">
    <skipped/>
  </testcase> <!-- verifySigninlink -->
  <testcase name="verifyiteminchart" time="0.0" classname="com.atcost.Testcase.Question2Test">
    <skipped/>
  </testcase> <!-- verifyiteminchart -->
  <testcase name="Question3" time="0.0" classname="com.atcost.Testcase.QuestionTest">
    <skipped/>
  </testcase> <!-- Question3 -->
  <testcase name="Question4" time="0.0" classname="com.atcost.Testcase.QuestionTest">
    <skipped/>
  </testcase> <!-- Question4 -->
  <testcase name="Question6" time="0.0" classname="com.atcost.Testcase.QuestionTest">
    <skipped/>
  </testcase> <!-- Question6 -->
</testsuite> <!-- Command line test -->
